<?xml version="1.0" encoding="UTF-8" ?>
<testsuite tests="1" failures="0" name="junit.AssertTest" time="0.036" errors="0" skipped="0">
  <properties>
    <property name="java.runtime.name" value="OpenJDK Runtime Environment"/>
    <property name="java.vm.version" value="11.0.11+9"/>
    <property name="sun.boot.library.path" value="C:\Program Files\AdoptOpenJDK\bin"/>
    <property name="user.country.format" value="IL"/>
    <property name="maven.multiModuleProjectDirectory" value="C:\seleniumTest"/>
    <property name="java.vm.vendor" value="AdoptOpenJDK"/>
    <property name="java.vendor.url" value="https://adoptopenjdk.net/"/>
    <property name="guice.disable.misplaced.annotation.check" value="true"/>
    <property name="path.separator" value=";"/>
    <property name="java.vm.name" value="OpenJDK 64-Bit Server VM"/>
    <property name="sun.os.patch.level" value=""/>
    <property name="user.script" value=""/>
    <property name="user.country" value="US"/>
    <property name="sun.java.launcher" value="SUN_STANDARD"/>
    <property name="java.vm.specification.name" value="Java Virtual Machine Specification"/>
    <property name="user.dir" value="C:\seleniumTest"/>
    <property name="java.vm.compressedOopsMode" value="Zero based"/>
    <property name="java.runtime.version" value="11.0.11+9"/>
    <property name="java.awt.graphicsenv" value="sun.awt.Win32GraphicsEnvironment"/>
    <property name="os.arch" value="amd64"/>
    <property name="java.io.tmpdir" value="C:\Users\shandorf\AppData\Local\Temp\"/>
    <property name="line.separator" value="
"/>
    <property name="java.vm.specification.vendor" value="Oracle Corporation"/>
    <property name="user.variant" value=""/>
    <property name="os.name" value="Windows 10"/>
    <property name="classworlds.conf" value="C:\ProgramData\chocolatey\lib\maven\apache-maven-3.6.0\bin\..\bin\m2.conf"/>
    <property name="sun.jnu.encoding" value="Cp1255"/>
    <property name="java.library.path" value="C:\Program Files\AdoptOpenJDK\bin;C:\windows\Sun\Java\bin;C:\windows\system32;C:\windows;C:\Program Files (x86)\Common Files\Oracle\Java\javapath;C:\dev\docker-cert;C:\Program Files\AdoptOpenJDK\bin;C:\windows\system32;C:\windows;C:\windows\System32\Wbem;C:\windows\System32\WindowsPowerShell\v1.0\;C:\Program Files\Novell\iPrint;C:\ProgramData\chocolatey\bin;C:\Program Files\Git\cmd;C:\Program Files (x86)\Yarn\bin\;C:\Program Files\Microsoft SQL Server\Client SDK\ODBC\170\Tools\Binn\;C:\Program Files (x86)\Microsoft SQL Server\150\Tools\Binn\;C:\Program Files\Microsoft SQL Server\150\Tools\Binn\;C:\Program Files\Microsoft SQL Server\150\DTS\Binn\;C:\Program Files (x86)\Microsoft SQL Server\150\DTS\Binn\;C:\Program Files\Azure Data Studio\bin;C:\Program Files\PostgreSQL\13\bin;C:\dev\tools\elasticsearch-7.17.6\bin;c:\dev\tools\java\maven\apache-maven-3.8.2\bin;C:\Program Files (x86)\dotnet\;C:\Program Files (x86)\Micro Focus\UFT One\bin;C:\Program Files (x86)\Micro Focus\Codeless\bin;C:\Program Files\Amazon\AWSCLIV2\;C:\Program Files\Docker;C:\ProgramData\DockerDesktop\version-bin;C:\Program Files (x86)\Symantec\VIP Access Client\;C:\Program Files (x86)\Pulse Secure\VC142.CRT\X64\;C:\Program Files (x86)\Pulse Secure\VC142.CRT\X86\;C:\Program Files (x86)\Common Files\Pulse Secure\TNC Client Plugin\;C:\Program Files\Docker\Docker\resources\bin;C:\Program Files\nodejs\;C:\Program Files\Amazon\AWSSAMCLI\bin\;C:\Users\shandorf\AppData\Local\Microsoft\WindowsApps;C:\Users\shandorf\AppData\Local\Yarn\bin;C:\Program Files\Azure Data Studio\bin;C:\Users\shandorf\AppData\Roaming\npm;."/>
    <property name="maven.conf" value="C:\ProgramData\chocolatey\lib\maven\apache-maven-3.6.0\bin\../conf"/>
    <property name="jdk.debug" value="release"/>
    <property name="java.class.version" value="55.0"/>
    <property name="java.specification.name" value="Java Platform API Specification"/>
    <property name="sun.management.compiler" value="HotSpot 64-Bit Tiered Compilers"/>
    <property name="os.version" value="10.0"/>
    <property name="library.jansi.path" value="C:\ProgramData\chocolatey\lib\maven\apache-maven-3.6.0\bin\..\lib\jansi-native"/>
    <property name="user.home" value="C:\Users\shandorf"/>
    <property name="user.timezone" value="Asia/Jerusalem"/>
    <property name="java.awt.printerjob" value="sun.awt.windows.WPrinterJob"/>
    <property name="file.encoding" value="Cp1255"/>
    <property name="java.specification.version" value="11"/>
    <property name="user.name" value="shandorf"/>
    <property name="java.class.path" value="C:\ProgramData\chocolatey\lib\maven\apache-maven-3.6.0\bin\..\boot\plexus-classworlds-2.5.2.jar"/>
    <property name="java.vm.specification.version" value="11"/>
    <property name="sun.arch.data.model" value="64"/>
    <property name="sun.java.command" value="org.codehaus.plexus.classworlds.launcher.Launcher clean test"/>
    <property name="java.home" value="C:\Program Files\AdoptOpenJDK"/>
    <property name="user.language" value="en"/>
    <property name="java.specification.vendor" value="Oracle Corporation"/>
    <property name="user.language.format" value="he"/>
    <property name="awt.toolkit" value="sun.awt.windows.WToolkit"/>
    <property name="java.vm.info" value="mixed mode"/>
    <property name="java.version" value="11.0.11"/>
    <property name="java.vendor" value="AdoptOpenJDK"/>
    <property name="sun.stderr.encoding" value="cp65001"/>
    <property name="maven.home" value="C:\ProgramData\chocolatey\lib\maven\apache-maven-3.6.0\bin\.."/>
    <property name="file.separator" value="\"/>
    <property name="java.version.date" value="2021-04-20"/>
    <property name="java.vendor.url.bug" value="https://github.com/AdoptOpenJDK/openjdk-support/issues"/>
    <property name="sun.io.unicode.encoding" value="UnicodeLittle"/>
    <property name="sun.cpu.endian" value="little"/>
    <property name="java.vendor.version" value="AdoptOpenJDK-11.0.11+9"/>
    <property name="sun.stdout.encoding" value="cp65001"/>
    <property name="sun.desktop" value="windows"/>
    <property name="sun.cpu.isalist" value="amd64"/>
  </properties>
  <testcase classname="junit.AssertTest" name="test" time="0.036"/>
</testsuite>